0 info it worked if it ends with ok
1 verbose cli [ 'node', '/usr/local/bin/npm', 'publish' ]
2 info using npm@2.14.1
3 info using node@v0.12.7
4 verbose publish [ '.' ]
5 silly cache add args [ '.', null ]
6 verbose cache add spec .
7 silly cache add parsed spec { raw: '.',
7 silly cache add   scope: null,
7 silly cache add   name: null,
7 silly cache add   rawSpec: '.',
7 silly cache add   spec: '/Users/joegesualdo/code/node/modules/dictionary-cli',
7 silly cache add   type: 'directory' }
8 verbose addLocalDirectory /Users/joegesualdo/.npm/dictionary-cli/0.0.1/package.tgz not in flight; packing
9 verbose tar pack [ '/Users/joegesualdo/.npm/dictionary-cli/0.0.1/package.tgz',
9 verbose tar pack   '/Users/joegesualdo/code/node/modules/dictionary-cli' ]
10 verbose tarball /Users/joegesualdo/.npm/dictionary-cli/0.0.1/package.tgz
11 verbose folder /Users/joegesualdo/code/node/modules/dictionary-cli
12 info prepublish dictionary-cli@0.0.1
13 verbose addLocalTarball adding from inside cache /Users/joegesualdo/.npm/dictionary-cli/0.0.1/package.tgz
14 silly cache afterAdd dictionary-cli@0.0.1
15 verbose afterAdd /Users/joegesualdo/.npm/dictionary-cli/0.0.1/package/package.json not in flight; writing
16 verbose afterAdd /Users/joegesualdo/.npm/dictionary-cli/0.0.1/package/package.json written
17 silly publish { name: 'dictionary-cli',
17 silly publish   version: '0.0.1',
17 silly publish   description: '> English Dictionary from the command line',
17 silly publish   main: 'index.js',
17 silly publish   scripts: { test: 'echo "Error: no test specified" && exit 1' },
17 silly publish   author: { name: 'Joe Gesualdo' },
17 silly publish   license: 'MIT',
17 silly publish   dependencies:
17 silly publish    { chalk: '^1.1.1',
17 silly publish      'manipulate-substring': '0.0.4',
17 silly publish      'vocab-fetcher': '^0.1.5' },
17 silly publish   bin: { def: './bin/index.js', definition: './bin/index.js' },
17 silly publish   readme: '##  Dictionary CLI\n> English Dictionary from the command line \n\n## Install\n```\n$ npm install dictionary \n```\n\n## Usage\n```\n$ definition <word> [options]\n```\n\n## Example\n```\n$ defintion abate\n```\nOr use the short version `def`\n```\n$ def abate\n```\n\n',
17 silly publish   readmeFilename: 'README.md',
17 silly publish   gitHead: '3990b1c597664165598f67dfac89a6be368a4bea',
17 silly publish   _id: 'dictionary-cli@0.0.1',
17 silly publish   _shasum: 'aaf26d0f150511879efed40f9f0a1d135357058e',
17 silly publish   _from: '.' }
18 verbose getPublishConfig undefined
19 silly mapToRegistry name dictionary-cli
20 silly mapToRegistry using default registry
21 silly mapToRegistry registry https://registry.npmjs.org/
22 silly mapToRegistry uri https://registry.npmjs.org/dictionary-cli
23 verbose publish registryBase https://registry.npmjs.org/
24 silly publish uploading /Users/joegesualdo/.npm/dictionary-cli/0.0.1/package.tgz
25 verbose request uri https://registry.npmjs.org/dictionary-cli
26 verbose request sending authorization for write operation
27 info attempt registry request try #1 at 10:30:57 AM
28 verbose request using bearer token for auth
29 verbose request id 9081bc5bcaad8a75
30 http request PUT https://registry.npmjs.org/dictionary-cli
31 http 403 https://registry.npmjs.org/dictionary-cli
32 verbose headers { 'content-type': 'application/json',
32 verbose headers   'cache-control': 'max-age=60',
32 verbose headers   'content-length': '106',
32 verbose headers   'accept-ranges': 'bytes',
32 verbose headers   date: 'Sat, 17 Oct 2015 14:30:58 GMT',
32 verbose headers   via: '1.1 varnish',
32 verbose headers   connection: 'keep-alive',
32 verbose headers   'x-served-by': 'cache-iad2145-IAD',
32 verbose headers   'x-cache': 'MISS',
32 verbose headers   'x-cache-hits': '0',
32 verbose headers   'x-timer': 'S1445092257.948261,VS0,VE651' }
33 verbose request invalidating /Users/joegesualdo/.npm/registry.npmjs.org/dictionary-cli on PUT
34 error publish Failed PUT 403
35 verbose stack Error: You do not have permission to publish 'dictionary-cli'. Are you logged in as the correct user? : dictionary-cli
35 verbose stack     at makeError (/usr/local/lib/node_modules/npm/node_modules/npm-registry-client/lib/request.js:263:12)
35 verbose stack     at CachingRegistryClient.<anonymous> (/usr/local/lib/node_modules/npm/node_modules/npm-registry-client/lib/request.js:251:14)
35 verbose stack     at Request._callback (/usr/local/lib/node_modules/npm/node_modules/npm-registry-client/lib/request.js:171:14)
35 verbose stack     at Request.self.callback (/usr/local/lib/node_modules/npm/node_modules/request/request.js:198:22)
35 verbose stack     at Request.emit (events.js:110:17)
35 verbose stack     at Request.<anonymous> (/usr/local/lib/node_modules/npm/node_modules/request/request.js:1073:14)
35 verbose stack     at Request.emit (events.js:129:20)
35 verbose stack     at IncomingMessage.<anonymous> (/usr/local/lib/node_modules/npm/node_modules/request/request.js:1019:12)
35 verbose stack     at IncomingMessage.emit (events.js:129:20)
35 verbose stack     at _stream_readable.js:908:16
36 verbose statusCode 403
37 verbose pkgid dictionary-cli
38 verbose cwd /Users/joegesualdo/code/node/modules/dictionary-cli
39 error Darwin 14.4.0
40 error argv "node" "/usr/local/bin/npm" "publish"
41 error node v0.12.7
42 error npm  v2.14.1
43 error code E403
44 error You do not have permission to publish 'dictionary-cli'. Are you logged in as the correct user? : dictionary-cli
45 error If you need help, you may report this error at:
45 error     <https://github.com/npm/npm/issues>
46 verbose exit [ 1, true ]
